<?xml version="1.0" encoding="UTF-8"?>
<!-- Generated by org.testng.reporters.JUnitXMLReporter -->
<testsuite ignored="3" hostname="Saiteja" failures="0" tests="1" name="Default test" time="13.243" errors="0" timestamp="2025-10-30T16:03:26 IST">
  <testcase classname="practice.testcases.TC_RF_001" name="loginOption" time="10.432"/>
  <testcase classname="practice.testcases.TC_RF_001" name="VerfyRegistrationIsSucess1" time="0.0">
    <ignored/>
  </testcase> <!-- VerfyRegistrationIsSucess1 -->
  <testcase classname="practice.testcases.TC_RF_001" name="VerfyRegistrationIsSucess" time="0.0">
    <ignored/>
  </testcase> <!-- VerfyRegistrationIsSucess -->
  <testcase classname="practice.testcases.TC_RF_001" name="VerifyUsingKeyboard" time="0.0">
    <ignored/>
  </testcase> <!-- VerifyUsingKeyboard -->
</testsuite> <!-- Default test -->
