<?xml version="1.0" encoding="UTF-8"?>
<!-- Generated by org.testng.reporters.JUnitXMLReporter -->
<testsuite ignored="0" hostname="Saiteja" failures="0" tests="3" name="Default test" time="100.791" errors="0" timestamp="2025-10-29T16:12:27 IST">
  <testcase classname="practice.testcases.TC_RF_001" name="VerfyRegistrationIsSucess" time="20.647"/>
  <testcase classname="practice.testcases.TC_RF_001" name="VerfyRegistrationIsSucess1" time="19.311"/>
  <testcase classname="practice.testcases.TC_RF_001" name="VerifyUsingKeyboard" time="47.018"/>
</testsuite> <!-- Default test -->
