<?xml version="1.0" encoding="UTF-8"?>
<testng-results ignored="3" total="4" passed="1" failed="0" skipped="0">
  <reporter-output>
  </reporter-output>
  <suite started-at="2025-10-30T13:33:05 IST" name="Default suite" finished-at="2025-10-30T13:33:20 IST" duration-ms="15186">
    <groups>
    </groups>
    <test started-at="2025-10-30T13:33:05 IST" name="Default test" finished-at="2025-10-30T13:33:20 IST" duration-ms="15186">
      <class name="practice.testcases.TC_RF_001">
        <test-method is-config="true" signature="LoadBrowse()[pri:0, instance:practice.testcases.TC_RF_001@76508ed1]" started-at="2025-10-30T13:33:05 IST" name="LoadBrowse" finished-at="2025-10-30T13:33:10 IST" duration-ms="4696" status="PASS">
          <reporter-output>
          </reporter-output>
        </test-method> <!-- LoadBrowse -->
        <test-method signature="loginOption()[pri:4, instance:practice.testcases.TC_RF_001@76508ed1]" started-at="2025-10-30T13:33:10 IST" name="loginOption" finished-at="2025-10-30T13:33:19 IST" duration-ms="9791" status="PASS">
          <reporter-output>
          </reporter-output>
        </test-method> <!-- loginOption -->
        <test-method is-config="true" signature="TearDown()[pri:0, instance:practice.testcases.TC_RF_001@76508ed1]" started-at="2025-10-30T13:33:19 IST" name="TearDown" finished-at="2025-10-30T13:33:20 IST" duration-ms="634" status="PASS">
          <reporter-output>
          </reporter-output>
        </test-method> <!-- TearDown -->
      </class> <!-- practice.testcases.TC_RF_001 -->
    </test> <!-- Default test -->
  </suite> <!-- Default suite -->
</testng-results>
