<?xml version="1.0" encoding="UTF-8"?>
<testng-results ignored="3" total="4" passed="1" failed="0" skipped="0">
  <reporter-output>
  </reporter-output>
  <suite started-at="2025-10-31T13:53:36 IST" name="Default suite" finished-at="2025-10-31T13:54:02 IST" duration-ms="25809">
    <groups>
    </groups>
    <test started-at="2025-10-31T13:53:36 IST" name="Default test" finished-at="2025-10-31T13:54:02 IST" duration-ms="25809">
      <class name="practice.testcases.TC_RF_001">
        <test-method is-config="true" signature="LoadBrowse()[pri:0, instance:practice.testcases.TC_RF_001@76508ed1]" started-at="2025-10-31T13:53:36 IST" name="LoadBrowse" finished-at="2025-10-31T13:53:40 IST" duration-ms="3888" status="PASS">
          <reporter-output>
          </reporter-output>
        </test-method> <!-- LoadBrowse -->
        <test-method signature="VerfyRegistrationIsSucess()[pri:1, instance:practice.testcases.TC_RF_001@76508ed1]" started-at="2025-10-31T13:53:40 IST" name="VerfyRegistrationIsSucess" finished-at="2025-10-31T13:54:02 IST" duration-ms="21383" status="PASS">
          <reporter-output>
          </reporter-output>
        </test-method> <!-- VerfyRegistrationIsSucess -->
        <test-method is-config="true" signature="TearDown()[pri:0, instance:practice.testcases.TC_RF_001@76508ed1]" started-at="2025-10-31T13:54:02 IST" name="TearDown" finished-at="2025-10-31T13:54:02 IST" duration-ms="472" status="PASS">
          <reporter-output>
          </reporter-output>
        </test-method> <!-- TearDown -->
      </class> <!-- practice.testcases.TC_RF_001 -->
    </test> <!-- Default test -->
  </suite> <!-- Default suite -->
</testng-results>
